<?xml version="1.0" encoding="UTF-8"?>
<!-- Generated by org.testng.reporters.JUnitReportReporter -->
<testsuite hostname="Subash" name="test.NewAccountTest" tests="1" failures="0" timestamp="1 Mar 2020 04:35:40 GMT" time="19.746" errors="0">
  <testcase name="OpenANewAccount" time="19.746" classname="test.NewAccountTest"/>
</testsuite> <!-- test.NewAccountTest -->
